<?xml version="1.0" encoding="utf-8"?>
<test-run id="2" testcasecount="1" result="Failed(Child)" total="1" passed="0" failed="1" inconclusive="0" skipped="0" asserts="0" engine-version="3.5.0.0" clr-version="4.0.30319.42000" start-time="2025-08-06 02:02:01Z" end-time="2025-08-06 02:02:01Z" duration="0.0469313">
  <test-suite type="TestSuite" id="1000" name="NeonLadder" fullname="NeonLadder" runstate="Runnable" testcasecount="80" result="Failed" site="Child" start-time="2025-08-06 02:02:01Z" end-time="2025-08-06 02:02:01Z" duration="0.046931" total="1" passed="0" failed="1" inconclusive="0" skipped="0" asserts="0">
    <properties>
      <property name="platform" value="EditMode" />
    </properties>
    <failure>
      <message><![CDATA[One or more child tests had errors]]></message>
    </failure>
    <test-suite type="Assembly" id="1048" name="NeonLadder.Tests.Editor.dll" fullname="C:/Users/Ender/NeonLadder/Library/ScriptAssemblies/NeonLadder.Tests.Editor.dll" runstate="Runnable" testcasecount="27" result="Failed" site="Child" start-time="2025-08-06 02:02:01Z" end-time="2025-08-06 02:02:01Z" duration="0.042703" total="1" passed="0" failed="1" inconclusive="0" skipped="0" asserts="0">
      <properties>
        <property name="_PID" value="126892" />
        <property name="_APPDOMAIN" value="Unity Child Domain" />
        <property name="platform" value="EditMode" />
        <property name="EditorOnly" value="True" />
      </properties>
      <failure>
        <message><![CDATA[One or more child tests had errors]]></message>
      </failure>
      <test-suite type="TestSuite" id="1049" name="NeonLadder" fullname="NeonLadder" runstate="Runnable" testcasecount="27" result="Failed" site="Child" start-time="2025-08-06 02:02:01Z" end-time="2025-08-06 02:02:01Z" duration="0.042046" total="1" passed="0" failed="1" inconclusive="0" skipped="0" asserts="0">
        <properties />
        <failure>
          <message><![CDATA[One or more child tests had errors]]></message>
        </failure>
        <test-suite type="TestSuite" id="1050" name="Tests" fullname="NeonLadder.Tests" runstate="Runnable" testcasecount="27" result="Failed" site="Child" start-time="2025-08-06 02:02:01Z" end-time="2025-08-06 02:02:01Z" duration="0.041537" total="1" passed="0" failed="1" inconclusive="0" skipped="0" asserts="0">
          <properties />
          <failure>
            <message><![CDATA[One or more child tests had errors]]></message>
          </failure>
          <test-suite type="TestSuite" id="1051" name="Editor" fullname="NeonLadder.Tests.Editor" runstate="Runnable" testcasecount="27" result="Failed" site="Child" start-time="2025-08-06 02:02:01Z" end-time="2025-08-06 02:02:01Z" duration="0.041013" total="1" passed="0" failed="1" inconclusive="0" skipped="0" asserts="0">
            <properties />
            <failure>
              <message><![CDATA[One or more child tests had errors]]></message>
            </failure>
            <test-suite type="TestFixture" id="1020" name="DialogueSceneGeneratorTests" fullname="NeonLadder.Tests.Editor.DialogueSceneGeneratorTests" classname="NeonLadder.Tests.Editor.DialogueSceneGeneratorTests" runstate="Runnable" testcasecount="27" result="Failed" site="Child" start-time="2025-08-06 02:02:01Z" end-time="2025-08-06 02:02:01Z" duration="0.039985" total="1" passed="0" failed="1" inconclusive="0" skipped="0" asserts="0">
              <properties />
              <failure>
                <message><![CDATA[One or more child tests had errors]]></message>
              </failure>
              <test-case id="1039" name="GenerateScene_AddsDialogueActorToCharacters" fullname="NeonLadder.Tests.Editor.DialogueSceneGeneratorTests.GenerateScene_AddsDialogueActorToCharacters" methodname="GenerateScene_AddsDialogueActorToCharacters" classname="NeonLadder.Tests.Editor.DialogueSceneGeneratorTests" runstate="Runnable" seed="85801520" result="Failed" start-time="2025-08-06 02:02:01Z" end-time="2025-08-06 02:02:01Z" duration="0.027921" asserts="0">
                <properties>
                  <property name="retryIteration" value="0" />
                  <property name="repeatIteration" value="0" />
                </properties>
                <failure>
                  <message><![CDATA[  Expected string length 9 but was 0. Strings differ at index 0.
  Expected: "BossActor"
  But was:  <string.Empty>
  -----------^
]]></message>
                  <stack-trace><![CDATA[at NeonLadder.Tests.Editor.DialogueSceneGeneratorTests.GenerateScene_AddsDialogueActorToCharacters () [0x0006b] in C:\Users\Ender\NeonLadder\Assets\Tests\Editor\DialogueSceneGeneratorTests.cs:413
]]></stack-trace>
                </failure>
                <output><![CDATA[Creating left character: Boss
InstantiatePrefabSafe called with prefab: TestBoss
PrefabUtility.InstantiatePrefab returned null for TestBoss, trying regular instantiate
Failed to instantiate prefab TestBoss: PrefabUtility returned null. Creating clone instead.
Successfully cloned TestBoss as TestBoss(Clone)
Left character created with name: Boss (Left)
InstantiatePrefabSafe called with prefab: TestPlayer
PrefabUtility.InstantiatePrefab returned null for TestPlayer, trying regular instantiate
Failed to instantiate prefab TestPlayer: PrefabUtility returned null. Creating clone instead.
Successfully cloned TestPlayer as TestPlayer(Clone)
Created dialogue trigger for conversation: TestConversation
Added ProtagonistDialogueSystem component
Added DialogueSystemController - don't forget to assign the dialogue database!
Camera setup is null, skipping camera generation
Created basic dialogue UI canvas
âœ… Generated dialogue scene: Generated Test Scene
Saving results to: C:/Users/Ender/AppData/LocalLow/ShorelineGames, LLC/NeonLadder\TestResults.xml
]]></output>
              </test-case>
            </test-suite>
          </test-suite>
        </test-suite>
      </test-suite>
    </test-suite>
  </test-suite>
</test-run>