<?xml version="1.0" encoding="utf-8"?>
<test-run id="2" testcasecount="1" result="Passed" total="1" passed="1" failed="0" inconclusive="0" skipped="0" asserts="0" engine-version="3.5.0.0" clr-version="4.0.30319.42000" start-time="2025-08-06 02:05:51Z" end-time="2025-08-06 02:05:51Z" duration="0.0421541">
  <test-suite type="TestSuite" id="1000" name="NeonLadder" fullname="NeonLadder" runstate="Runnable" testcasecount="80" result="Passed" start-time="2025-08-06 02:05:51Z" end-time="2025-08-06 02:05:51Z" duration="0.042154" total="1" passed="1" failed="0" inconclusive="0" skipped="0" asserts="0">
    <properties>
      <property name="platform" value="EditMode" />
    </properties>
    <test-suite type="Assembly" id="1048" name="NeonLadder.Tests.Editor.dll" fullname="C:/Users/Ender/NeonLadder/Library/ScriptAssemblies/NeonLadder.Tests.Editor.dll" runstate="Runnable" testcasecount="27" result="Passed" start-time="2025-08-06 02:05:51Z" end-time="2025-08-06 02:05:51Z" duration="0.038316" total="1" passed="1" failed="0" inconclusive="0" skipped="0" asserts="0">
      <properties>
        <property name="_PID" value="146876" />
        <property name="_APPDOMAIN" value="Unity Child Domain" />
        <property name="platform" value="EditMode" />
        <property name="EditorOnly" value="True" />
      </properties>
      <test-suite type="TestSuite" id="1049" name="NeonLadder" fullname="NeonLadder" runstate="Runnable" testcasecount="27" result="Passed" start-time="2025-08-06 02:05:51Z" end-time="2025-08-06 02:05:51Z" duration="0.037741" total="1" passed="1" failed="0" inconclusive="0" skipped="0" asserts="0">
        <properties />
        <test-suite type="TestSuite" id="1050" name="Tests" fullname="NeonLadder.Tests" runstate="Runnable" testcasecount="27" result="Passed" start-time="2025-08-06 02:05:51Z" end-time="2025-08-06 02:05:51Z" duration="0.037158" total="1" passed="1" failed="0" inconclusive="0" skipped="0" asserts="0">
          <properties />
          <test-suite type="TestSuite" id="1051" name="Editor" fullname="NeonLadder.Tests.Editor" runstate="Runnable" testcasecount="27" result="Passed" start-time="2025-08-06 02:05:51Z" end-time="2025-08-06 02:05:51Z" duration="0.036611" total="1" passed="1" failed="0" inconclusive="0" skipped="0" asserts="0">
            <properties />
            <test-suite type="TestFixture" id="1020" name="DialogueSceneGeneratorTests" fullname="NeonLadder.Tests.Editor.DialogueSceneGeneratorTests" classname="NeonLadder.Tests.Editor.DialogueSceneGeneratorTests" runstate="Runnable" testcasecount="27" result="Passed" start-time="2025-08-06 02:05:51Z" end-time="2025-08-06 02:05:51Z" duration="0.035604" total="1" passed="1" failed="0" inconclusive="0" skipped="0" asserts="0">
              <properties />
              <test-case id="1039" name="GenerateScene_AddsDialogueActorToCharacters" fullname="NeonLadder.Tests.Editor.DialogueSceneGeneratorTests.GenerateScene_AddsDialogueActorToCharacters" methodname="GenerateScene_AddsDialogueActorToCharacters" classname="NeonLadder.Tests.Editor.DialogueSceneGeneratorTests" runstate="Runnable" seed="286928385" result="Passed" start-time="2025-08-06 02:05:51Z" end-time="2025-08-06 02:05:51Z" duration="0.024926" asserts="0">
                <properties>
                  <property name="retryIteration" value="0" />
                  <property name="repeatIteration" value="0" />
                </properties>
                <output><![CDATA[Creating left character: Boss
InstantiatePrefabSafe called with prefab: TestBoss
PrefabUtility.InstantiatePrefab returned null for TestBoss, trying regular instantiate
Failed to instantiate prefab TestBoss: PrefabUtility returned null. Creating clone instead.
Successfully cloned TestBoss as TestBoss(Clone)
Left character created with name: Boss (Left)
Set DialogueActor.actor to: BossActor for character: Boss (Left)
InstantiatePrefabSafe called with prefab: TestPlayer
PrefabUtility.InstantiatePrefab returned null for TestPlayer, trying regular instantiate
Failed to instantiate prefab TestPlayer: PrefabUtility returned null. Creating clone instead.
Successfully cloned TestPlayer as TestPlayer(Clone)
Set DialogueActor.actor to: PlayerActor for character: Player (Right)
Created dialogue trigger for conversation: TestConversation
Added ProtagonistDialogueSystem component
Added DialogueSystemController - don't forget to assign the dialogue database!
Camera setup is null, skipping camera generation
Created basic dialogue UI canvas
✅ Generated dialogue scene: Generated Test Scene
Saving results to: C:/Users/Ender/AppData/LocalLow/ShorelineGames, LLC/NeonLadder\TestResults.xml
]]></output>
              </test-case>
            </test-suite>
          </test-suite>
        </test-suite>
      </test-suite>
    </test-suite>
  </test-suite>
</test-run>