<?xml version="1.0" encoding="utf-8"?>
<test-run id="2" testcasecount="1" result="Passed" total="1" passed="1" failed="0" inconclusive="0" skipped="0" asserts="0" engine-version="3.5.0.0" clr-version="4.0.30319.42000" start-time="2025-08-06 02:11:03Z" end-time="2025-08-06 02:11:04Z" duration="0.2087437">
  <test-suite type="TestSuite" id="1000" name="NeonLadder" fullname="NeonLadder" runstate="Runnable" testcasecount="80" result="Passed" start-time="2025-08-06 02:11:03Z" end-time="2025-08-06 02:11:04Z" duration="0.208744" total="1" passed="1" failed="0" inconclusive="0" skipped="0" asserts="0">
    <properties>
      <property name="platform" value="EditMode" />
    </properties>
    <test-suite type="Assembly" id="1048" name="NeonLadder.Tests.Editor.dll" fullname="C:/Users/Ender/NeonLadder/Library/ScriptAssemblies/NeonLadder.Tests.Editor.dll" runstate="Runnable" testcasecount="27" result="Passed" start-time="2025-08-06 02:11:03Z" end-time="2025-08-06 02:11:04Z" duration="0.204839" total="1" passed="1" failed="0" inconclusive="0" skipped="0" asserts="0">
      <properties>
        <property name="_PID" value="159964" />
        <property name="_APPDOMAIN" value="Unity Child Domain" />
        <property name="platform" value="EditMode" />
        <property name="EditorOnly" value="True" />
      </properties>
      <test-suite type="TestSuite" id="1049" name="NeonLadder" fullname="NeonLadder" runstate="Runnable" testcasecount="27" result="Passed" start-time="2025-08-06 02:11:03Z" end-time="2025-08-06 02:11:04Z" duration="0.204291" total="1" passed="1" failed="0" inconclusive="0" skipped="0" asserts="0">
        <properties />
        <test-suite type="TestSuite" id="1050" name="Tests" fullname="NeonLadder.Tests" runstate="Runnable" testcasecount="27" result="Passed" start-time="2025-08-06 02:11:03Z" end-time="2025-08-06 02:11:04Z" duration="0.203886" total="1" passed="1" failed="0" inconclusive="0" skipped="0" asserts="0">
          <properties />
          <test-suite type="TestSuite" id="1051" name="Editor" fullname="NeonLadder.Tests.Editor" runstate="Runnable" testcasecount="27" result="Passed" start-time="2025-08-06 02:11:03Z" end-time="2025-08-06 02:11:04Z" duration="0.203450" total="1" passed="1" failed="0" inconclusive="0" skipped="0" asserts="0">
            <properties />
            <test-suite type="TestFixture" id="1020" name="DialogueSceneGeneratorTests" fullname="NeonLadder.Tests.Editor.DialogueSceneGeneratorTests" classname="NeonLadder.Tests.Editor.DialogueSceneGeneratorTests" runstate="Runnable" testcasecount="27" result="Passed" start-time="2025-08-06 02:11:03Z" end-time="2025-08-06 02:11:04Z" duration="0.202580" total="1" passed="1" failed="0" inconclusive="0" skipped="0" asserts="0">
              <properties />
              <test-case id="1040" name="GenerateScene_AddsAnimatorWhenSpecified" fullname="NeonLadder.Tests.Editor.DialogueSceneGeneratorTests.GenerateScene_AddsAnimatorWhenSpecified" methodname="GenerateScene_AddsAnimatorWhenSpecified" classname="NeonLadder.Tests.Editor.DialogueSceneGeneratorTests" runstate="Runnable" seed="1250441907" result="Passed" start-time="2025-08-06 02:11:03Z" end-time="2025-08-06 02:11:04Z" duration="0.191811" asserts="0">
                <properties>
                  <property name="retryIteration" value="0" />
                  <property name="repeatIteration" value="0" />
                </properties>
                <output><![CDATA[Created dialogue trigger for conversation: TestConversation
Added ProtagonistDialogueSystem component
Added DialogueSystemController - don't forget to assign the dialogue database!
Camera setup is null, skipping camera generation
Created basic dialogue UI canvas
✅ Generated dialogue scene: Generated Test Scene
Saving results to: C:/Users/Ender/AppData/LocalLow/ShorelineGames, LLC/NeonLadder\TestResults.xml
]]></output>
              </test-case>
            </test-suite>
          </test-suite>
        </test-suite>
      </test-suite>
    </test-suite>
  </test-suite>
</test-run>