<?xml version="1.0" encoding="utf-8"?>
<test-run id="2" testcasecount="80" result="Skipped:Ignored" total="80" passed="69" failed="0" inconclusive="0" skipped="11" asserts="0" engine-version="3.5.0.0" clr-version="4.0.30319.42000" start-time="2025-08-06 02:12:00Z" end-time="2025-08-06 02:12:08Z" duration="7.2572107">
  <test-suite type="TestSuite" id="1000" name="NeonLadder" fullname="NeonLadder" runstate="Runnable" testcasecount="80" result="Skipped" label="Ignored" start-time="2025-08-06 02:12:00Z" end-time="2025-08-06 02:12:08Z" duration="7.257211" total="80" passed="69" failed="0" inconclusive="0" skipped="11" asserts="0">
    <properties>
      <property name="platform" value="EditMode" />
    </properties>
    <reason>
      <message><![CDATA[One or more child tests were ignored]]></message>
    </reason>
    <test-suite type="Assembly" id="1016" name="NeonLadder.Editor.dll" fullname="C:/Users/Ender/NeonLadder/Library/ScriptAssemblies/NeonLadder.Editor.dll" runstate="Runnable" testcasecount="13" result="Skipped" label="Ignored" start-time="2025-08-06 02:12:00Z" end-time="2025-08-06 02:12:00Z" duration="0.023360" total="13" passed="2" failed="0" inconclusive="0" skipped="11" asserts="0">
      <properties>
        <property name="_PID" value="179804" />
        <property name="_APPDOMAIN" value="Unity Child Domain" />
        <property name="platform" value="EditMode" />
        <property name="EditorOnly" value="True" />
      </properties>
      <reason>
        <message><![CDATA[One or more child tests were ignored]]></message>
      </reason>
      <test-suite type="TestSuite" id="1017" name="NeonLadder" fullname="NeonLadder" runstate="Runnable" testcasecount="13" result="Skipped" label="Ignored" start-time="2025-08-06 02:12:00Z" end-time="2025-08-06 02:12:00Z" duration="0.023009" total="13" passed="2" failed="0" inconclusive="0" skipped="11" asserts="0">
        <properties />
        <reason>
          <message><![CDATA[One or more child tests were ignored]]></message>
        </reason>
        <test-suite type="TestSuite" id="1018" name="Tests" fullname="NeonLadder.Tests" runstate="Runnable" testcasecount="13" result="Skipped" label="Ignored" start-time="2025-08-06 02:12:00Z" end-time="2025-08-06 02:12:00Z" duration="0.022789" total="13" passed="2" failed="0" inconclusive="0" skipped="11" asserts="0">
          <properties />
          <reason>
            <message><![CDATA[One or more child tests were ignored]]></message>
          </reason>
          <test-suite type="TestSuite" id="1019" name="Examples" fullname="NeonLadder.Tests.Examples" runstate="Runnable" testcasecount="13" result="Skipped" label="Ignored" start-time="2025-08-06 02:12:00Z" end-time="2025-08-06 02:12:00Z" duration="0.022541" total="13" passed="2" failed="0" inconclusive="0" skipped="11" asserts="0">
            <properties />
            <reason>
              <message><![CDATA[One or more child tests were ignored]]></message>
            </reason>
            <test-suite type="TestFixture" id="1014" name="SteamIntegrationTestsExample" fullname="NeonLadder.Tests.Examples.SteamIntegrationTestsExample" classname="NeonLadder.Tests.Examples.SteamIntegrationTestsExample" runstate="Runnable" testcasecount="1" result="Skipped" label="Ignored" start-time="2025-08-06 02:12:00Z" end-time="2025-08-06 02:12:00Z" duration="0.013586" total="1" passed="0" failed="0" inconclusive="0" skipped="1" asserts="0">
              <properties>
                <property name="Category" value="Steam" />
              </properties>
              <reason>
                <message><![CDATA[One or more child tests were ignored]]></message>
              </reason>
              <test-case id="1015" name="SteamAPITest" fullname="NeonLadder.Tests.Examples.SteamIntegrationTestsExample.SteamAPITest" methodname="SteamAPITest" classname="NeonLadder.Tests.Examples.SteamIntegrationTestsExample" runstate="Runnable" seed="214346739" result="Skipped" label="Ignored" start-time="2025-08-06 02:12:00Z" end-time="2025-08-06 02:12:00Z" duration="0.005429" asserts="0">
                <properties>
                  <property name="retryIteration" value="0" />
                  <property name="repeatIteration" value="0" />
                </properties>
                <reason>
                  <message><![CDATA[Steam client not running - cannot test Steam API]]></message>
                </reason>
              </test-case>
            </test-suite>
            <test-suite type="TestFixture" id="1001" name="TestSkippingExamples" fullname="NeonLadder.Tests.Examples.TestSkippingExamples" classname="NeonLadder.Tests.Examples.TestSkippingExamples" runstate="Runnable" testcasecount="12" result="Skipped" label="Ignored" start-time="2025-08-06 02:12:00Z" end-time="2025-08-06 02:12:00Z" duration="0.008115" total="12" passed="2" failed="0" inconclusive="0" skipped="10" asserts="0">
              <properties />
              <reason>
                <message><![CDATA[One or more child tests were ignored]]></message>
              </reason>
              <test-case id="1006" name="ConditionalSkipAtRuntime" fullname="NeonLadder.Tests.Examples.TestSkippingExamples.ConditionalSkipAtRuntime" methodname="ConditionalSkipAtRuntime" classname="NeonLadder.Tests.Examples.TestSkippingExamples" runstate="Runnable" seed="857146298" result="Skipped" label="Ignored" start-time="2025-08-06 02:12:00Z" end-time="2025-08-06 02:12:00Z" duration="0.000246" asserts="0">
                <properties>
                  <property name="retryIteration" value="0" />
                  <property name="repeatIteration" value="0" />
                </properties>
                <reason>
                  <message><![CDATA[Device doesn't support vibration - skipping haptic test]]></message>
                </reason>
              </test-case>
              <test-case id="1009" name="DatabaseConnectionTest" fullname="NeonLadder.Tests.Examples.TestSkippingExamples.DatabaseConnectionTest" methodname="DatabaseConnectionTest" classname="NeonLadder.Tests.Examples.TestSkippingExamples" runstate="Runnable" seed="1760761283" result="Skipped" label="Ignored" start-time="2025-08-06 02:12:00Z" end-time="2025-08-06 02:12:00Z" duration="0.000169" asserts="0">
                <properties>
                  <property name="Category" value="IntegrationTest" />
                  <property name="retryIteration" value="0" />
                  <property name="repeatIteration" value="0" />
                </properties>
                <reason>
                  <message><![CDATA[Test database not available - run 'start-test-db.bat' first]]></message>
                </reason>
              </test-case>
              <test-case id="1013" name="EnvironmentDependentTest" fullname="NeonLadder.Tests.Examples.TestSkippingExamples.EnvironmentDependentTest" methodname="EnvironmentDependentTest" classname="NeonLadder.Tests.Examples.TestSkippingExamples" runstate="Runnable" seed="1062545354" result="Skipped" label="Ignored" start-time="2025-08-06 02:12:00Z" end-time="2025-08-06 02:12:00Z" duration="0.000173" asserts="0">
                <properties>
                  <property name="retryIteration" value="0" />
                  <property name="repeatIteration" value="0" />
                </properties>
                <reason>
                  <message><![CDATA[This test only runs in DEVELOPMENT environment]]></message>
                </reason>
              </test-case>
              <test-case id="1003" name="FeatureNotImplementedYet" fullname="NeonLadder.Tests.Examples.TestSkippingExamples.FeatureNotImplementedYet" methodname="FeatureNotImplementedYet" classname="NeonLadder.Tests.Examples.TestSkippingExamples" runstate="Ignored" seed="1108008315" result="Skipped" label="Ignored" start-time="2025-08-06 02:12:00Z" end-time="2025-08-06 02:12:00Z" duration="0.000100" asserts="0">
                <properties>
                  <property name="_SKIPREASON" value="Feature not implemented yet" />
                </properties>
                <reason>
                  <message><![CDATA[Feature not implemented yet]]></message>
                </reason>
              </test-case>
              <test-case id="1011" name="ManualControllerTest" fullname="NeonLadder.Tests.Examples.TestSkippingExamples.ManualControllerTest" methodname="ManualControllerTest" classname="NeonLadder.Tests.Examples.TestSkippingExamples" runstate="Ignored" seed="1466768771" result="Skipped" label="Ignored" start-time="2025-08-06 02:12:00Z" end-time="2025-08-06 02:12:00Z" duration="0.000002" asserts="0">
                <properties>
                  <property name="Category" value="Manual" />
                  <property name="_SKIPREASON" value="Manual test - requires human interaction" />
                </properties>
                <reason>
                  <message><![CDATA[Manual test - requires human interaction]]></message>
                </reason>
              </test-case>
              <test-case id="1005" name="PerformanceTest_RunManually" fullname="NeonLadder.Tests.Examples.TestSkippingExamples.PerformanceTest_RunManually" methodname="PerformanceTest_RunManually" classname="NeonLadder.Tests.Examples.TestSkippingExamples" runstate="Ignored" seed="2100438053" result="Skipped" label="Ignored" start-time="2025-08-06 02:12:00Z" end-time="2025-08-06 02:12:00Z" duration="0.000001" asserts="0">
                <properties>
                  <property name="_SKIPREASON" value="Performance test - run manually" />
                  <property name="Category" value="Performance" />
                </properties>
                <reason>
                  <message><![CDATA[Performance test - run manually]]></message>
                </reason>
              </test-case>
              <test-case id="1010" name="PlatformSpecificTest" fullname="NeonLadder.Tests.Examples.TestSkippingExamples.PlatformSpecificTest" methodname="PlatformSpecificTest" classname="NeonLadder.Tests.Examples.TestSkippingExamples" runstate="Runnable" seed="239538810" result="Passed" start-time="2025-08-06 02:12:00Z" end-time="2025-08-06 02:12:00Z" duration="0.002869" asserts="0">
                <properties>
                  <property name="retryIteration" value="0" />
                  <property name="repeatIteration" value="0" />
                </properties>
              </test-case>
              <test-case id="1002" name="SimpleIgnoreExample" fullname="NeonLadder.Tests.Examples.TestSkippingExamples.SimpleIgnoreExample" methodname="SimpleIgnoreExample" classname="NeonLadder.Tests.Examples.TestSkippingExamples" runstate="Ignored" seed="942793989" result="Skipped" label="Ignored" start-time="2025-08-06 02:12:00Z" end-time="2025-08-06 02:12:00Z" duration="0.000002" asserts="0">
                <properties>
                  <property name="_SKIPREASON" value="This test is intentionally skipped for demonstration" />
                </properties>
                <reason>
                  <message><![CDATA[This test is intentionally skipped for demonstration]]></message>
                </reason>
              </test-case>
              <test-case id="1007" name="SkipBasedOnConfiguration" fullname="NeonLadder.Tests.Examples.TestSkippingExamples.SkipBasedOnConfiguration" methodname="SkipBasedOnConfiguration" classname="NeonLadder.Tests.Examples.TestSkippingExamples" runstate="Runnable" seed="23069595" result="Skipped" label="Ignored" start-time="2025-08-06 02:12:00Z" end-time="2025-08-06 02:12:00Z" duration="0.000178" asserts="0">
                <properties>
                  <property name="retryIteration" value="0" />
                  <property name="repeatIteration" value="0" />
                </properties>
                <reason>
                  <message><![CDATA[Steam integration disabled in project settings]]></message>
                </reason>
              </test-case>
              <test-case id="1012" name="SlowIntegrationTest" fullname="NeonLadder.Tests.Examples.TestSkippingExamples.SlowIntegrationTest" methodname="SlowIntegrationTest" classname="NeonLadder.Tests.Examples.TestSkippingExamples" runstate="Ignored" seed="1103403235" result="Skipped" label="Ignored" start-time="2025-08-06 02:12:00Z" end-time="2025-08-06 02:12:00Z" duration="0.000002" asserts="0">
                <properties>
                  <property name="Category" value="Slow" />
                  <property name="_SKIPREASON" value="Slow test - enable for full test suite" />
                </properties>
                <reason>
                  <message><![CDATA[Slow test - enable for full test suite]]></message>
                </reason>
              </test-case>
              <test-case id="1008" name="UnityTestWithConditionalSkip" fullname="NeonLadder.Tests.Examples.TestSkippingExamples.UnityTestWithConditionalSkip" methodname="UnityTestWithConditionalSkip" classname="NeonLadder.Tests.Examples.TestSkippingExamples" runstate="Runnable" seed="1702021548" result="Passed" start-time="2025-08-06 02:12:00Z" end-time="2025-08-06 02:12:00Z" duration="0.002527" asserts="0">
                <properties>
                  <property name="_JOINTYPE" value="UnityCombinatorial" />
                  <property name="retryIteration" value="0" />
                  <property name="repeatIteration" value="0" />
                </properties>
              </test-case>
              <test-case id="1004" name="WindowsOnlyTest" fullname="NeonLadder.Tests.Examples.TestSkippingExamples.WindowsOnlyTest" methodname="WindowsOnlyTest" classname="NeonLadder.Tests.Examples.TestSkippingExamples" runstate="Ignored" seed="452452718" result="Skipped" label="Ignored" start-time="2025-08-06 02:12:00Z" end-time="2025-08-06 02:12:00Z" duration="0.000002" asserts="0">
                <properties>
                  <property name="_SKIPREASON" value="Only runs on Windows" />
                  <property name="Category" value="WindowsOnly" />
                </properties>
                <reason>
                  <message><![CDATA[Only runs on Windows]]></message>
                </reason>
              </test-case>
            </test-suite>
          </test-suite>
        </test-suite>
      </test-suite>
    </test-suite>
    <test-suite type="Assembly" id="1048" name="NeonLadder.Tests.Editor.dll" fullname="C:/Users/Ender/NeonLadder/Library/ScriptAssemblies/NeonLadder.Tests.Editor.dll" runstate="Runnable" testcasecount="27" result="Passed" start-time="2025-08-06 02:12:00Z" end-time="2025-08-06 02:12:02Z" duration="1.257380" total="27" passed="27" failed="0" inconclusive="0" skipped="0" asserts="0">
      <properties>
        <property name="_PID" value="179804" />
        <property name="_APPDOMAIN" value="Unity Child Domain" />
        <property name="platform" value="EditMode" />
        <property name="EditorOnly" value="True" />
      </properties>
      <test-suite type="TestSuite" id="1049" name="NeonLadder" fullname="NeonLadder" runstate="Runnable" testcasecount="27" result="Passed" start-time="2025-08-06 02:12:00Z" end-time="2025-08-06 02:12:02Z" duration="1.257058" total="27" passed="27" failed="0" inconclusive="0" skipped="0" asserts="0">
        <properties />
        <test-suite type="TestSuite" id="1050" name="Tests" fullname="NeonLadder.Tests" runstate="Runnable" testcasecount="27" result="Passed" start-time="2025-08-06 02:12:00Z" end-time="2025-08-06 02:12:02Z" duration="1.256742" total="27" passed="27" failed="0" inconclusive="0" skipped="0" asserts="0">
          <properties />
          <test-suite type="TestSuite" id="1051" name="Editor" fullname="NeonLadder.Tests.Editor" runstate="Runnable" testcasecount="27" result="Passed" start-time="2025-08-06 02:12:00Z" end-time="2025-08-06 02:12:02Z" duration="1.256403" total="27" passed="27" failed="0" inconclusive="0" skipped="0" asserts="0">
            <properties />
            <test-suite type="TestFixture" id="1020" name="DialogueSceneGeneratorTests" fullname="NeonLadder.Tests.Editor.DialogueSceneGeneratorTests" classname="NeonLadder.Tests.Editor.DialogueSceneGeneratorTests" runstate="Runnable" testcasecount="27" result="Passed" start-time="2025-08-06 02:12:00Z" end-time="2025-08-06 02:12:02Z" duration="1.255808" total="27" passed="27" failed="0" inconclusive="0" skipped="0" asserts="0">
              <properties />
              <test-case id="1045" name="GenerateDialogueSceneFromMenu_SelectsGeneratedScene" fullname="NeonLadder.Tests.Editor.DialogueSceneGeneratorTests.GenerateDialogueSceneFromMenu_SelectsGeneratedScene" methodname="GenerateDialogueSceneFromMenu_SelectsGeneratedScene" classname="NeonLadder.Tests.Editor.DialogueSceneGeneratorTests" runstate="Runnable" seed="2122067411" result="Passed" start-time="2025-08-06 02:12:00Z" end-time="2025-08-06 02:12:00Z" duration="0.013437" asserts="0">
                <properties>
                  <property name="retryIteration" value="0" />
                  <property name="repeatIteration" value="0" />
                </properties>
                <output><![CDATA[Created dialogue trigger for conversation: TestConversation
Added ProtagonistDialogueSystem component
Added DialogueSystemController - don't forget to assign the dialogue database!
Camera setup is null, skipping camera generation
Created basic dialogue UI canvas
✅ Generated dialogue scene: Generated Test Scene
]]></output>
              </test-case>
              <test-case id="1043" name="GenerateDialogueSceneFromMenu_ShowsErrorForNoSelection" fullname="NeonLadder.Tests.Editor.DialogueSceneGeneratorTests.GenerateDialogueSceneFromMenu_ShowsErrorForNoSelection" methodname="GenerateDialogueSceneFromMenu_ShowsErrorForNoSelection" classname="NeonLadder.Tests.Editor.DialogueSceneGeneratorTests" runstate="Runnable" seed="1312143768" result="Passed" start-time="2025-08-06 02:12:00Z" end-time="2025-08-06 02:12:01Z" duration="0.000778" asserts="0">
                <properties>
                  <property name="retryIteration" value="0" />
                  <property name="repeatIteration" value="0" />
                </properties>
                <output><![CDATA[[DisplayDialog - No Configuration Selected] Please select a DialogueSceneConfiguration asset and try again.
]]></output>
              </test-case>
              <test-case id="1044" name="GenerateDialogueSceneFromMenu_ShowsErrorForWrongSelectionType" fullname="NeonLadder.Tests.Editor.DialogueSceneGeneratorTests.GenerateDialogueSceneFromMenu_ShowsErrorForWrongSelectionType" methodname="GenerateDialogueSceneFromMenu_ShowsErrorForWrongSelectionType" classname="NeonLadder.Tests.Editor.DialogueSceneGeneratorTests" runstate="Runnable" seed="1863273899" result="Passed" start-time="2025-08-06 02:12:01Z" end-time="2025-08-06 02:12:01Z" duration="0.000688" asserts="0">
                <properties>
                  <property name="retryIteration" value="0" />
                  <property name="repeatIteration" value="0" />
                </properties>
                <output><![CDATA[[DisplayDialog - No Configuration Selected] Please select a DialogueSceneConfiguration asset and try again.
]]></output>
              </test-case>
              <test-case id="1042" name="GenerateDialogueSceneFromMenu_WorksWithSelectedConfiguration" fullname="NeonLadder.Tests.Editor.DialogueSceneGeneratorTests.GenerateDialogueSceneFromMenu_WorksWithSelectedConfiguration" methodname="GenerateDialogueSceneFromMenu_WorksWithSelectedConfiguration" classname="NeonLadder.Tests.Editor.DialogueSceneGeneratorTests" runstate="Runnable" seed="2109075699" result="Passed" start-time="2025-08-06 02:12:01Z" end-time="2025-08-06 02:12:01Z" duration="0.003851" asserts="0">
                <properties>
                  <property name="retryIteration" value="0" />
                  <property name="repeatIteration" value="0" />
                </properties>
                <output><![CDATA[Created dialogue trigger for conversation: TestConversation
Added ProtagonistDialogueSystem component
Added DialogueSystemController - don't forget to assign the dialogue database!
Camera setup is null, skipping camera generation
Created basic dialogue UI canvas
✅ Generated dialogue scene: Generated Test Scene
]]></output>
              </test-case>
              <test-case id="1040" name="GenerateScene_AddsAnimatorWhenSpecified" fullname="NeonLadder.Tests.Editor.DialogueSceneGeneratorTests.GenerateScene_AddsAnimatorWhenSpecified" methodname="GenerateScene_AddsAnimatorWhenSpecified" classname="NeonLadder.Tests.Editor.DialogueSceneGeneratorTests" runstate="Runnable" seed="1715587821" result="Passed" start-time="2025-08-06 02:12:01Z" end-time="2025-08-06 02:12:02Z" duration="1.158415" asserts="0">
                <properties>
                  <property name="retryIteration" value="0" />
                  <property name="repeatIteration" value="0" />
                </properties>
                <output><![CDATA[Created dialogue trigger for conversation: TestConversation
Added ProtagonistDialogueSystem component
Added DialogueSystemController - don't forget to assign the dialogue database!
Camera setup is null, skipping camera generation
Created basic dialogue UI canvas
✅ Generated dialogue scene: Generated Test Scene
]]></output>
              </test-case>
              <test-case id="1041" name="GenerateScene_AddsAudioSourceWhenVoiceClipsSpecified" fullname="NeonLadder.Tests.Editor.DialogueSceneGeneratorTests.GenerateScene_AddsAudioSourceWhenVoiceClipsSpecified" methodname="GenerateScene_AddsAudioSourceWhenVoiceClipsSpecified" classname="NeonLadder.Tests.Editor.DialogueSceneGeneratorTests" runstate="Runnable" seed="765799516" result="Passed" start-time="2025-08-06 02:12:02Z" end-time="2025-08-06 02:12:02Z" duration="0.004631" asserts="0">
                <properties>
                  <property name="retryIteration" value="0" />
                  <property name="repeatIteration" value="0" />
                </properties>
                <output><![CDATA[Created dialogue trigger for conversation: TestConversation
Added ProtagonistDialogueSystem component
Added DialogueSystemController - don't forget to assign the dialogue database!
Camera setup is null, skipping camera generation
Created basic dialogue UI canvas
✅ Generated dialogue scene: Generated Test Scene
]]></output>
              </test-case>
              <test-case id="1032" name="GenerateScene_AddsCorrectComponentForFullConversation" fullname="NeonLadder.Tests.Editor.DialogueSceneGeneratorTests.GenerateScene_AddsCorrectComponentForFullConversation" methodname="GenerateScene_AddsCorrectComponentForFullConversation" classname="NeonLadder.Tests.Editor.DialogueSceneGeneratorTests" runstate="Runnable" seed="1544418326" result="Passed" start-time="2025-08-06 02:12:02Z" end-time="2025-08-06 02:12:02Z" duration="0.002704" asserts="0">
                <properties>
                  <property name="retryIteration" value="0" />
                  <property name="repeatIteration" value="0" />
                </properties>
                <output><![CDATA[Created dialogue trigger for conversation: TestConversation
Added ProtagonistDialogueSystem component
Added DialogueSystemController - don't forget to assign the dialogue database!
Camera setup is null, skipping camera generation
Created basic dialogue UI canvas
✅ Generated dialogue scene: Generated Test Scene
]]></output>
              </test-case>
              <test-case id="1031" name="GenerateScene_AddsCorrectComponentForPlayerChoice" fullname="NeonLadder.Tests.Editor.DialogueSceneGeneratorTests.GenerateScene_AddsCorrectComponentForPlayerChoice" methodname="GenerateScene_AddsCorrectComponentForPlayerChoice" classname="NeonLadder.Tests.Editor.DialogueSceneGeneratorTests" runstate="Runnable" seed="1797508764" result="Passed" start-time="2025-08-06 02:12:02Z" end-time="2025-08-06 02:12:02Z" duration="0.002661" asserts="0">
                <properties>
                  <property name="retryIteration" value="0" />
                  <property name="repeatIteration" value="0" />
                </properties>
                <output><![CDATA[Created dialogue trigger for conversation: TestConversation
Added ProtagonistDialogueSystem component
Added DialogueSystemController - don't forget to assign the dialogue database!
Camera setup is null, skipping camera generation
Created basic dialogue UI canvas
✅ Generated dialogue scene: Generated Test Scene
]]></output>
              </test-case>
              <test-case id="1030" name="GenerateScene_AddsCorrectComponentForSimpleBanter" fullname="NeonLadder.Tests.Editor.DialogueSceneGeneratorTests.GenerateScene_AddsCorrectComponentForSimpleBanter" methodname="GenerateScene_AddsCorrectComponentForSimpleBanter" classname="NeonLadder.Tests.Editor.DialogueSceneGeneratorTests" runstate="Runnable" seed="1302554170" result="Passed" start-time="2025-08-06 02:12:02Z" end-time="2025-08-06 02:12:02Z" duration="0.003046" asserts="0">
                <properties>
                  <property name="retryIteration" value="0" />
                  <property name="repeatIteration" value="0" />
                </properties>
                <output><![CDATA[Created dialogue trigger for conversation: TestConversation
Added BossBanterManager component
Added DialogueSystemController - don't forget to assign the dialogue database!
Camera setup is null, skipping camera generation
Created basic dialogue UI canvas
✅ Generated dialogue scene: Generated Test Scene
]]></output>
              </test-case>
              <test-case id="1039" name="GenerateScene_AddsDialogueActorToCharacters" fullname="NeonLadder.Tests.Editor.DialogueSceneGeneratorTests.GenerateScene_AddsDialogueActorToCharacters" methodname="GenerateScene_AddsDialogueActorToCharacters" classname="NeonLadder.Tests.Editor.DialogueSceneGeneratorTests" runstate="Runnable" seed="2052578797" result="Passed" start-time="2025-08-06 02:12:02Z" end-time="2025-08-06 02:12:02Z" duration="0.002647" asserts="0">
                <properties>
                  <property name="retryIteration" value="0" />
                  <property name="repeatIteration" value="0" />
                </properties>
                <output><![CDATA[Created dialogue trigger for conversation: TestConversation
Added ProtagonistDialogueSystem component
Added DialogueSystemController - don't forget to assign the dialogue database!
Camera setup is null, skipping camera generation
Created basic dialogue UI canvas
✅ Generated dialogue scene: Generated Test Scene
]]></output>
              </test-case>
              <test-case id="1033" name="GenerateScene_AddsDialogueSystemControllerWhenNeeded" fullname="NeonLadder.Tests.Editor.DialogueSceneGeneratorTests.GenerateScene_AddsDialogueSystemControllerWhenNeeded" methodname="GenerateScene_AddsDialogueSystemControllerWhenNeeded" classname="NeonLadder.Tests.Editor.DialogueSceneGeneratorTests" runstate="Runnable" seed="282178906" result="Passed" start-time="2025-08-06 02:12:02Z" end-time="2025-08-06 02:12:02Z" duration="0.002702" asserts="0">
                <properties>
                  <property name="retryIteration" value="0" />
                  <property name="repeatIteration" value="0" />
                </properties>
                <output><![CDATA[Created dialogue trigger for conversation: TestConversation
Added ProtagonistDialogueSystem component
Added DialogueSystemController - don't forget to assign the dialogue database!
Camera setup is null, skipping camera generation
Created basic dialogue UI canvas
✅ Generated dialogue scene: Generated Test Scene
]]></output>
              </test-case>
              <test-case id="1027" name="GenerateScene_AddsDialogueSystemTriggerComponent" fullname="NeonLadder.Tests.Editor.DialogueSceneGeneratorTests.GenerateScene_AddsDialogueSystemTriggerComponent" methodname="GenerateScene_AddsDialogueSystemTriggerComponent" classname="NeonLadder.Tests.Editor.DialogueSceneGeneratorTests" runstate="Runnable" seed="2023058524" result="Passed" start-time="2025-08-06 02:12:02Z" end-time="2025-08-06 02:12:02Z" duration="0.003350" asserts="0">
                <properties>
                  <property name="retryIteration" value="0" />
                  <property name="repeatIteration" value="0" />
                </properties>
                <output><![CDATA[Created dialogue trigger for conversation: TestConversation
Added ProtagonistDialogueSystem component
Added DialogueSystemController - don't forget to assign the dialogue database!
Camera setup is null, skipping camera generation
Created basic dialogue UI canvas
✅ Generated dialogue scene: Generated Test Scene
]]></output>
              </test-case>
              <test-case id="1037" name="GenerateScene_CreatesBasicUICanvasWhenNoPrefab" fullname="NeonLadder.Tests.Editor.DialogueSceneGeneratorTests.GenerateScene_CreatesBasicUICanvasWhenNoPrefab" methodname="GenerateScene_CreatesBasicUICanvasWhenNoPrefab" classname="NeonLadder.Tests.Editor.DialogueSceneGeneratorTests" runstate="Runnable" seed="821942603" result="Passed" start-time="2025-08-06 02:12:02Z" end-time="2025-08-06 02:12:02Z" duration="0.003755" asserts="0">
                <properties>
                  <property name="retryIteration" value="0" />
                  <property name="repeatIteration" value="0" />
                </properties>
                <output><![CDATA[Created dialogue trigger for conversation: TestConversation
Added ProtagonistDialogueSystem component
Added DialogueSystemController - don't forget to assign the dialogue database!
Camera setup is null, skipping camera generation
Created basic dialogue UI canvas
✅ Generated dialogue scene: Generated Test Scene
]]></output>
              </test-case>
              <test-case id="1023" name="GenerateScene_CreatesCharactersContainer" fullname="NeonLadder.Tests.Editor.DialogueSceneGeneratorTests.GenerateScene_CreatesCharactersContainer" methodname="GenerateScene_CreatesCharactersContainer" classname="NeonLadder.Tests.Editor.DialogueSceneGeneratorTests" runstate="Runnable" seed="1904139079" result="Passed" start-time="2025-08-06 02:12:02Z" end-time="2025-08-06 02:12:02Z" duration="0.002719" asserts="0">
                <properties>
                  <property name="retryIteration" value="0" />
                  <property name="repeatIteration" value="0" />
                </properties>
                <output><![CDATA[Created dialogue trigger for conversation: TestConversation
Added ProtagonistDialogueSystem component
Added DialogueSystemController - don't forget to assign the dialogue database!
Camera setup is null, skipping camera generation
Created basic dialogue UI canvas
✅ Generated dialogue scene: Generated Test Scene
]]></output>
              </test-case>
              <test-case id="1035" name="GenerateScene_CreatesDefaultCameraSetup" fullname="NeonLadder.Tests.Editor.DialogueSceneGeneratorTests.GenerateScene_CreatesDefaultCameraSetup" methodname="GenerateScene_CreatesDefaultCameraSetup" classname="NeonLadder.Tests.Editor.DialogueSceneGeneratorTests" runstate="Runnable" seed="96351390" result="Passed" start-time="2025-08-06 02:12:02Z" end-time="2025-08-06 02:12:02Z" duration="0.003669" asserts="0">
                <properties>
                  <property name="retryIteration" value="0" />
                  <property name="repeatIteration" value="0" />
                </properties>
                <output><![CDATA[Created dialogue trigger for conversation: TestConversation
Added ProtagonistDialogueSystem component
Added DialogueSystemController - don't forget to assign the dialogue database!
Created dialogue camera
Created basic dialogue UI canvas
✅ Generated dialogue scene: Generated Test Scene
]]></output>
              </test-case>
              <test-case id="1029" name="GenerateScene_CreatesDialogueSystemContainer" fullname="NeonLadder.Tests.Editor.DialogueSceneGeneratorTests.GenerateScene_CreatesDialogueSystemContainer" methodname="GenerateScene_CreatesDialogueSystemContainer" classname="NeonLadder.Tests.Editor.DialogueSceneGeneratorTests" runstate="Runnable" seed="519303300" result="Passed" start-time="2025-08-06 02:12:02Z" end-time="2025-08-06 02:12:02Z" duration="0.002642" asserts="0">
                <properties>
                  <property name="retryIteration" value="0" />
                  <property name="repeatIteration" value="0" />
                </properties>
                <output><![CDATA[Created dialogue trigger for conversation: TestConversation
Added ProtagonistDialogueSystem component
Added DialogueSystemController - don't forget to assign the dialogue database!
Camera setup is null, skipping camera generation
Created basic dialogue UI canvas
✅ Generated dialogue scene: Generated Test Scene
]]></output>
              </test-case>
              <test-case id="1021" name="GenerateScene_CreatesSceneRootWithCorrectName" fullname="NeonLadder.Tests.Editor.DialogueSceneGeneratorTests.GenerateScene_CreatesSceneRootWithCorrectName" methodname="GenerateScene_CreatesSceneRootWithCorrectName" classname="NeonLadder.Tests.Editor.DialogueSceneGeneratorTests" runstate="Runnable" seed="1227117106" result="Passed" start-time="2025-08-06 02:12:02Z" end-time="2025-08-06 02:12:02Z" duration="0.002819" asserts="0">
                <properties>
                  <property name="retryIteration" value="0" />
                  <property name="repeatIteration" value="0" />
                </properties>
                <output><![CDATA[Created dialogue trigger for conversation: TestConversation
Added ProtagonistDialogueSystem component
Added DialogueSystemController - don't forget to assign the dialogue database!
Camera setup is null, skipping camera generation
Created basic dialogue UI canvas
✅ Generated dialogue scene: Generated Test Scene
]]></output>
              </test-case>
              <test-case id="1026" name="GenerateScene_CreatesTriggerBoxWithCorrectProperties" fullname="NeonLadder.Tests.Editor.DialogueSceneGeneratorTests.GenerateScene_CreatesTriggerBoxWithCorrectProperties" methodname="GenerateScene_CreatesTriggerBoxWithCorrectProperties" classname="NeonLadder.Tests.Editor.DialogueSceneGeneratorTests" runstate="Runnable" seed="1194662474" result="Passed" start-time="2025-08-06 02:12:02Z" end-time="2025-08-06 02:12:02Z" duration="0.002933" asserts="0">
                <properties>
                  <property name="retryIteration" value="0" />
                  <property name="repeatIteration" value="0" />
                </properties>
                <output><![CDATA[Created dialogue trigger for conversation: TestConversation
Added ProtagonistDialogueSystem component
Added DialogueSystemController - don't forget to assign the dialogue database!
Camera setup is null, skipping camera generation
Created basic dialogue UI canvas
✅ Generated dialogue scene: Generated Test Scene
]]></output>
              </test-case>
              <test-case id="1034" name="GenerateScene_DoesNotAddDuplicateDialogueSystemController" fullname="NeonLadder.Tests.Editor.DialogueSceneGeneratorTests.GenerateScene_DoesNotAddDuplicateDialogueSystemController" methodname="GenerateScene_DoesNotAddDuplicateDialogueSystemController" classname="NeonLadder.Tests.Editor.DialogueSceneGeneratorTests" runstate="Runnable" seed="1931830209" result="Passed" start-time="2025-08-06 02:12:02Z" end-time="2025-08-06 02:12:02Z" duration="0.002420" asserts="0">
                <properties>
                  <property name="retryIteration" value="0" />
                  <property name="repeatIteration" value="0" />
                </properties>
                <output><![CDATA[Created dialogue trigger for conversation: TestConversation
Added ProtagonistDialogueSystem component
Camera setup is null, skipping camera generation
Created basic dialogue UI canvas
✅ Generated dialogue scene: Generated Test Scene
]]></output>
              </test-case>
              <test-case id="1022" name="GenerateScene_FailsForInvalidConfiguration" fullname="NeonLadder.Tests.Editor.DialogueSceneGeneratorTests.GenerateScene_FailsForInvalidConfiguration" methodname="GenerateScene_FailsForInvalidConfiguration" classname="NeonLadder.Tests.Editor.DialogueSceneGeneratorTests" runstate="Runnable" seed="181875270" result="Passed" start-time="2025-08-06 02:12:02Z" end-time="2025-08-06 02:12:02Z" duration="0.000581" asserts="0">
                <properties>
                  <property name="retryIteration" value="0" />
                  <property name="repeatIteration" value="0" />
                </properties>
                <output><![CDATA[[DisplayDialog - Configuration Error] Conversation name is empty
]]></output>
              </test-case>
              <test-case id="1046" name="GenerateScene_HandlesNullCharacterPrefabsGracefully" fullname="NeonLadder.Tests.Editor.DialogueSceneGeneratorTests.GenerateScene_HandlesNullCharacterPrefabsGracefully" methodname="GenerateScene_HandlesNullCharacterPrefabsGracefully" classname="NeonLadder.Tests.Editor.DialogueSceneGeneratorTests" runstate="Runnable" seed="1753973853" result="Passed" start-time="2025-08-06 02:12:02Z" end-time="2025-08-06 02:12:02Z" duration="0.003319" asserts="0">
                <properties>
                  <property name="retryIteration" value="0" />
                  <property name="repeatIteration" value="0" />
                </properties>
                <output><![CDATA[Created dialogue trigger for conversation: TestConversation
Added ProtagonistDialogueSystem component
Added DialogueSystemController - don't forget to assign the dialogue database!
Camera setup is null, skipping camera generation
Created basic dialogue UI canvas
✅ Generated dialogue scene: Generated Test Scene
]]></output>
              </test-case>
              <test-case id="1036" name="GenerateScene_InstantiatesCustomCameraPrefab" fullname="NeonLadder.Tests.Editor.DialogueSceneGeneratorTests.GenerateScene_InstantiatesCustomCameraPrefab" methodname="GenerateScene_InstantiatesCustomCameraPrefab" classname="NeonLadder.Tests.Editor.DialogueSceneGeneratorTests" runstate="Runnable" seed="1417859672" result="Passed" start-time="2025-08-06 02:12:02Z" end-time="2025-08-06 02:12:02Z" duration="0.002718" asserts="0">
                <properties>
                  <property name="retryIteration" value="0" />
                  <property name="repeatIteration" value="0" />
                </properties>
                <output><![CDATA[Created dialogue trigger for conversation: TestConversation
Added ProtagonistDialogueSystem component
Added DialogueSystemController - don't forget to assign the dialogue database!
Added custom dialogue camera
Created basic dialogue UI canvas
✅ Generated dialogue scene: Generated Test Scene
]]></output>
              </test-case>
              <test-case id="1038" name="GenerateScene_InstantiatesCustomUIPrefab" fullname="NeonLadder.Tests.Editor.DialogueSceneGeneratorTests.GenerateScene_InstantiatesCustomUIPrefab" methodname="GenerateScene_InstantiatesCustomUIPrefab" classname="NeonLadder.Tests.Editor.DialogueSceneGeneratorTests" runstate="Runnable" seed="1296266068" result="Passed" start-time="2025-08-06 02:12:02Z" end-time="2025-08-06 02:12:02Z" duration="0.002668" asserts="0">
                <properties>
                  <property name="retryIteration" value="0" />
                  <property name="repeatIteration" value="0" />
                </properties>
                <output><![CDATA[Created dialogue trigger for conversation: TestConversation
Added ProtagonistDialogueSystem component
Added DialogueSystemController - don't forget to assign the dialogue database!
Camera setup is null, skipping camera generation
Added dialogue UI prefab
✅ Generated dialogue scene: Generated Test Scene
]]></output>
              </test-case>
              <test-case id="1024" name="GenerateScene_InstantiatesLeftCharacterCorrectly" fullname="NeonLadder.Tests.Editor.DialogueSceneGeneratorTests.GenerateScene_InstantiatesLeftCharacterCorrectly" methodname="GenerateScene_InstantiatesLeftCharacterCorrectly" classname="NeonLadder.Tests.Editor.DialogueSceneGeneratorTests" runstate="Runnable" seed="1683598047" result="Passed" start-time="2025-08-06 02:12:02Z" end-time="2025-08-06 02:12:02Z" duration="0.002848" asserts="0">
                <properties>
                  <property name="retryIteration" value="0" />
                  <property name="repeatIteration" value="0" />
                </properties>
                <output><![CDATA[Created dialogue trigger for conversation: TestConversation
Added ProtagonistDialogueSystem component
Added DialogueSystemController - don't forget to assign the dialogue database!
Camera setup is null, skipping camera generation
Created basic dialogue UI canvas
✅ Generated dialogue scene: Generated Test Scene
]]></output>
              </test-case>
              <test-case id="1025" name="GenerateScene_InstantiatesRightCharacterCorrectly" fullname="NeonLadder.Tests.Editor.DialogueSceneGeneratorTests.GenerateScene_InstantiatesRightCharacterCorrectly" methodname="GenerateScene_InstantiatesRightCharacterCorrectly" classname="NeonLadder.Tests.Editor.DialogueSceneGeneratorTests" runstate="Runnable" seed="259415326" result="Passed" start-time="2025-08-06 02:12:02Z" end-time="2025-08-06 02:12:02Z" duration="0.002696" asserts="0">
                <properties>
                  <property name="retryIteration" value="0" />
                  <property name="repeatIteration" value="0" />
                </properties>
                <output><![CDATA[Created dialogue trigger for conversation: TestConversation
Added ProtagonistDialogueSystem component
Added DialogueSystemController - don't forget to assign the dialogue database!
Camera setup is null, skipping camera generation
Created basic dialogue UI canvas
✅ Generated dialogue scene: Generated Test Scene
]]></output>
              </test-case>
              <test-case id="1028" name="GenerateScene_TriggerBoxPositionedCorrectly" fullname="NeonLadder.Tests.Editor.DialogueSceneGeneratorTests.GenerateScene_TriggerBoxPositionedCorrectly" methodname="GenerateScene_TriggerBoxPositionedCorrectly" classname="NeonLadder.Tests.Editor.DialogueSceneGeneratorTests" runstate="Runnable" seed="694879978" result="Passed" start-time="2025-08-06 02:12:02Z" end-time="2025-08-06 02:12:02Z" duration="0.002683" asserts="0">
                <properties>
                  <property name="retryIteration" value="0" />
                  <property name="repeatIteration" value="0" />
                </properties>
                <output><![CDATA[Created dialogue trigger for conversation: TestConversation
Added ProtagonistDialogueSystem component
Added DialogueSystemController - don't forget to assign the dialogue database!
Camera setup is null, skipping camera generation
Created basic dialogue UI canvas
✅ Generated dialogue scene: Generated Test Scene
]]></output>
              </test-case>
              <test-case id="1047" name="Integration_GeneratedSceneWorksWithUnityEditorUndo" fullname="NeonLadder.Tests.Editor.DialogueSceneGeneratorTests.Integration_GeneratedSceneWorksWithUnityEditorUndo" methodname="Integration_GeneratedSceneWorksWithUnityEditorUndo" classname="NeonLadder.Tests.Editor.DialogueSceneGeneratorTests" runstate="Runnable" seed="2009509098" result="Passed" start-time="2025-08-06 02:12:02Z" end-time="2025-08-06 02:12:02Z" duration="0.013882" asserts="0">
                <properties>
                  <property name="retryIteration" value="0" />
                  <property name="repeatIteration" value="0" />
                </properties>
                <output><![CDATA[Created dialogue trigger for conversation: TestConversation
Added ProtagonistDialogueSystem component
Added DialogueSystemController - don't forget to assign the dialogue database!
Camera setup is null, skipping camera generation
Created basic dialogue UI canvas
✅ Generated dialogue scene: Generated Test Scene
]]></output>
              </test-case>
            </test-suite>
          </test-suite>
        </test-suite>
      </test-suite>
    </test-suite>
    <test-suite type="Assembly" id="1095" name="NeonLadder.Tests.Editor.UI.dll" fullname="C:/Users/Ender/NeonLadder/Library/ScriptAssemblies/NeonLadder.Tests.Editor.UI.dll" runstate="Runnable" testcasecount="39" result="Passed" start-time="2025-08-06 02:12:02Z" end-time="2025-08-06 02:12:08Z" duration="5.971066" total="39" passed="39" failed="0" inconclusive="0" skipped="0" asserts="0">
      <properties>
        <property name="_PID" value="179804" />
        <property name="_APPDOMAIN" value="Unity Child Domain" />
        <property name="platform" value="EditMode" />
        <property name="EditorOnly" value="True" />
      </properties>
      <test-suite type="TestSuite" id="1096" name="NeonLadder" fullname="NeonLadder" runstate="Runnable" testcasecount="39" result="Passed" start-time="2025-08-06 02:12:02Z" end-time="2025-08-06 02:12:08Z" duration="5.964710" total="39" passed="39" failed="0" inconclusive="0" skipped="0" asserts="0">
        <properties />
        <test-suite type="TestSuite" id="1097" name="Tests" fullname="NeonLadder.Tests" runstate="Runnable" testcasecount="39" result="Passed" start-time="2025-08-06 02:12:02Z" end-time="2025-08-06 02:12:08Z" duration="5.964197" total="39" passed="39" failed="0" inconclusive="0" skipped="0" asserts="0">
          <properties />
          <test-suite type="TestSuite" id="1098" name="Editor" fullname="NeonLadder.Tests.Editor" runstate="Runnable" testcasecount="39" result="Passed" start-time="2025-08-06 02:12:02Z" end-time="2025-08-06 02:12:08Z" duration="5.963759" total="39" passed="39" failed="0" inconclusive="0" skipped="0" asserts="0">
            <properties />
            <test-suite type="TestSuite" id="1099" name="UI" fullname="NeonLadder.Tests.Editor.UI" runstate="Runnable" testcasecount="39" result="Passed" start-time="2025-08-06 02:12:02Z" end-time="2025-08-06 02:12:08Z" duration="5.963196" total="39" passed="39" failed="0" inconclusive="0" skipped="0" asserts="0">
              <properties />
              <test-suite type="TestFixture" id="1052" name="MenuSystemIntegrationTestsSimplified" fullname="NeonLadder.Tests.Editor.UI.MenuSystemIntegrationTestsSimplified" classname="NeonLadder.Tests.Editor.UI.MenuSystemIntegrationTestsSimplified" runstate="Runnable" testcasecount="5" result="Passed" start-time="2025-08-06 02:12:02Z" end-time="2025-08-06 02:12:03Z" duration="1.052130" total="5" passed="5" failed="0" inconclusive="0" skipped="0" asserts="0">
                <properties />
                <test-case id="1053" name="MenuHierarchy_NeonLadderMenuItems_ShouldExist" fullname="NeonLadder.Tests.Editor.UI.MenuSystemIntegrationTestsSimplified.MenuHierarchy_NeonLadderMenuItems_ShouldExist" methodname="MenuHierarchy_NeonLadderMenuItems_ShouldExist" classname="NeonLadder.Tests.Editor.UI.MenuSystemIntegrationTestsSimplified" runstate="Runnable" seed="1376552300" result="Passed" start-time="2025-08-06 02:12:02Z" end-time="2025-08-06 02:12:02Z" duration="0.506639" asserts="0">
                  <properties>
                    <property name="retryIteration" value="0" />
                    <property name="repeatIteration" value="0" />
                  </properties>
                </test-case>
                <test-case id="1056" name="MenuSystem_ConcurrentUsage_ShouldRemainResponsive" fullname="NeonLadder.Tests.Editor.UI.MenuSystemIntegrationTestsSimplified.MenuSystem_ConcurrentUsage_ShouldRemainResponsive" methodname="MenuSystem_ConcurrentUsage_ShouldRemainResponsive" classname="NeonLadder.Tests.Editor.UI.MenuSystemIntegrationTestsSimplified" runstate="Runnable" seed="1839683771" result="Passed" start-time="2025-08-06 02:12:02Z" end-time="2025-08-06 02:12:02Z" duration="0.123676" asserts="0">
                  <properties>
                    <property name="retryIteration" value="0" />
                    <property name="repeatIteration" value="0" />
                  </properties>
                </test-case>
                <test-case id="1054" name="SaveSystemAndUpgradeSystem_Integration_ShouldWorkTogether" fullname="NeonLadder.Tests.Editor.UI.MenuSystemIntegrationTestsSimplified.SaveSystemAndUpgradeSystem_Integration_ShouldWorkTogether" methodname="SaveSystemAndUpgradeSystem_Integration_ShouldWorkTogether" classname="NeonLadder.Tests.Editor.UI.MenuSystemIntegrationTestsSimplified" runstate="Runnable" seed="1569214969" result="Passed" start-time="2025-08-06 02:12:02Z" end-time="2025-08-06 02:12:02Z" duration="0.115797" asserts="0">
                  <properties>
                    <property name="retryIteration" value="0" />
                    <property name="repeatIteration" value="0" />
                  </properties>
                </test-case>
                <test-case id="1055" name="ScriptableObjects_CoreTypes_ShouldBeAccessible" fullname="NeonLadder.Tests.Editor.UI.MenuSystemIntegrationTestsSimplified.ScriptableObjects_CoreTypes_ShouldBeAccessible" methodname="ScriptableObjects_CoreTypes_ShouldBeAccessible" classname="NeonLadder.Tests.Editor.UI.MenuSystemIntegrationTestsSimplified" runstate="Runnable" seed="630585498" result="Passed" start-time="2025-08-06 02:12:02Z" end-time="2025-08-06 02:12:02Z" duration="0.000867" asserts="0">
                  <properties>
                    <property name="retryIteration" value="0" />
                    <property name="repeatIteration" value="0" />
                  </properties>
                </test-case>
                <test-case id="1057" name="TesterValidation_MenuSystemReadiness_AllCriticalSystemsWork" fullname="NeonLadder.Tests.Editor.UI.MenuSystemIntegrationTestsSimplified.TesterValidation_MenuSystemReadiness_AllCriticalSystemsWork" methodname="TesterValidation_MenuSystemReadiness_AllCriticalSystemsWork" classname="NeonLadder.Tests.Editor.UI.MenuSystemIntegrationTestsSimplified" runstate="Runnable" seed="634743745" result="Passed" start-time="2025-08-06 02:12:02Z" end-time="2025-08-06 02:12:03Z" duration="0.303679" asserts="0">
                  <properties>
                    <property name="retryIteration" value="0" />
                    <property name="repeatIteration" value="0" />
                  </properties>
                </test-case>
              </test-suite>
              <test-suite type="TestFixture" id="1058" name="SaveSystemCommandCenterTests" fullname="NeonLadder.Tests.Editor.UI.SaveSystemCommandCenterTests" classname="NeonLadder.Tests.Editor.UI.SaveSystemCommandCenterTests" runstate="Runnable" testcasecount="21" result="Passed" start-time="2025-08-06 02:12:03Z" end-time="2025-08-06 02:12:05Z" duration="2.609867" total="21" passed="21" failed="0" inconclusive="0" skipped="0" asserts="0">
                <properties />
                <test-case id="1064" name="CurrentConfig_WhenSet_ShouldUpdateSavePathCorrectly" fullname="NeonLadder.Tests.Editor.UI.SaveSystemCommandCenterTests.CurrentConfig_WhenSet_ShouldUpdateSavePathCorrectly" methodname="CurrentConfig_WhenSet_ShouldUpdateSavePathCorrectly" classname="NeonLadder.Tests.Editor.UI.SaveSystemCommandCenterTests" runstate="Runnable" seed="731375680" result="Passed" start-time="2025-08-06 02:12:03Z" end-time="2025-08-06 02:12:03Z" duration="0.064101" asserts="0">
                  <properties>
                    <property name="retryIteration" value="0" />
                    <property name="repeatIteration" value="0" />
                  </properties>
                </test-case>
                <test-case id="1069" name="ExportSaveData_WithNullData_ShouldHandleError" fullname="NeonLadder.Tests.Editor.UI.SaveSystemCommandCenterTests.ExportSaveData_WithNullData_ShouldHandleError" methodname="ExportSaveData_WithNullData_ShouldHandleError" classname="NeonLadder.Tests.Editor.UI.SaveSystemCommandCenterTests" runstate="Runnable" seed="480164414" result="Passed" start-time="2025-08-06 02:12:03Z" end-time="2025-08-06 02:12:03Z" duration="0.060653" asserts="0">
                  <properties>
                    <property name="retryIteration" value="0" />
                    <property name="repeatIteration" value="0" />
                  </properties>
                  <output><![CDATA[❌ No save data loaded for export
]]></output>
                </test-case>
                <test-case id="1068" name="ExportSaveData_WithValidData_ShouldPrepareExportCorrectly" fullname="NeonLadder.Tests.Editor.UI.SaveSystemCommandCenterTests.ExportSaveData_WithValidData_ShouldPrepareExportCorrectly" methodname="ExportSaveData_WithValidData_ShouldPrepareExportCorrectly" classname="NeonLadder.Tests.Editor.UI.SaveSystemCommandCenterTests" runstate="Runnable" seed="297801297" result="Passed" start-time="2025-08-06 02:12:03Z" end-time="2025-08-06 02:12:03Z" duration="0.057688" asserts="0">
                  <properties>
                    <property name="retryIteration" value="0" />
                    <property name="repeatIteration" value="0" />
                  </properties>
                </test-case>
                <test-case id="1078" name="FullWorkflow_LoadConfigLoadDataExport_ShouldCompleteSuccessfully" fullname="NeonLadder.Tests.Editor.UI.SaveSystemCommandCenterTests.FullWorkflow_LoadConfigLoadDataExport_ShouldCompleteSuccessfully" methodname="FullWorkflow_LoadConfigLoadDataExport_ShouldCompleteSuccessfully" classname="NeonLadder.Tests.Editor.UI.SaveSystemCommandCenterTests" runstate="Runnable" seed="1689973182" result="Passed" start-time="2025-08-06 02:12:03Z" end-time="2025-08-06 02:12:03Z" duration="0.089548" asserts="0">
                  <properties>
                    <property name="retryIteration" value="0" />
                    <property name="repeatIteration" value="0" />
                  </properties>
                  <output><![CDATA[✅ Save data loaded successfully
🔍 Running FRIDAY diagnostics...
✅ Save system configuration is valid
🦾 Diagnostics complete
]]></output>
                </test-case>
                <test-case id="1070" name="GenerateTestData_WithValidProfile_ShouldCreateValidSaveData" fullname="NeonLadder.Tests.Editor.UI.SaveSystemCommandCenterTests.GenerateTestData_WithValidProfile_ShouldCreateValidSaveData" methodname="GenerateTestData_WithValidProfile_ShouldCreateValidSaveData" classname="NeonLadder.Tests.Editor.UI.SaveSystemCommandCenterTests" runstate="Runnable" seed="1167794718" result="Passed" start-time="2025-08-06 02:12:03Z" end-time="2025-08-06 02:12:03Z" duration="0.076813" asserts="0">
                  <properties>
                    <property name="retryIteration" value="0" />
                    <property name="repeatIteration" value="0" />
                  </properties>
                  <output><![CDATA[🧪 Generating test data: Unit Test Profile
✅ Test data generated: Unit Test Profile
✅ Save data loaded successfully
🧪 Generating test data: Unit Test Profile
✅ Test data generated: Unit Test Profile
✅ Save data loaded successfully
]]></output>
                </test-case>
                <test-case id="1063" name="LoadDefaultConfig_WhenConfigAvailable_ShouldLoadSuccessfully" fullname="NeonLadder.Tests.Editor.UI.SaveSystemCommandCenterTests.LoadDefaultConfig_WhenConfigAvailable_ShouldLoadSuccessfully" methodname="LoadDefaultConfig_WhenConfigAvailable_ShouldLoadSuccessfully" classname="NeonLadder.Tests.Editor.UI.SaveSystemCommandCenterTests" runstate="Runnable" seed="1431220437" result="Passed" start-time="2025-08-06 02:12:03Z" end-time="2025-08-06 02:12:03Z" duration="0.117314" asserts="0">
                  <properties>
                    <property name="retryIteration" value="0" />
                    <property name="repeatIteration" value="0" />
                  </properties>
                </test-case>
                <test-case id="1073" name="LoadEndGamePreset_ShouldSetCorrectValues" fullname="NeonLadder.Tests.Editor.UI.SaveSystemCommandCenterTests.LoadEndGamePreset_ShouldSetCorrectValues" methodname="LoadEndGamePreset_ShouldSetCorrectValues" classname="NeonLadder.Tests.Editor.UI.SaveSystemCommandCenterTests" runstate="Runnable" seed="1169879359" result="Passed" start-time="2025-08-06 02:12:03Z" end-time="2025-08-06 02:12:03Z" duration="0.059894" asserts="0">
                  <properties>
                    <property name="retryIteration" value="0" />
                    <property name="repeatIteration" value="0" />
                  </properties>
                </test-case>
                <test-case id="1072" name="LoadMidGamePreset_ShouldSetCorrectValues" fullname="NeonLadder.Tests.Editor.UI.SaveSystemCommandCenterTests.LoadMidGamePreset_ShouldSetCorrectValues" methodname="LoadMidGamePreset_ShouldSetCorrectValues" classname="NeonLadder.Tests.Editor.UI.SaveSystemCommandCenterTests" runstate="Runnable" seed="1149678" result="Passed" start-time="2025-08-06 02:12:03Z" end-time="2025-08-06 02:12:03Z" duration="0.060083" asserts="0">
                  <properties>
                    <property name="retryIteration" value="0" />
                    <property name="repeatIteration" value="0" />
                  </properties>
                </test-case>
                <test-case id="1071" name="LoadNewPlayerPreset_ShouldSetCorrectValues" fullname="NeonLadder.Tests.Editor.UI.SaveSystemCommandCenterTests.LoadNewPlayerPreset_ShouldSetCorrectValues" methodname="LoadNewPlayerPreset_ShouldSetCorrectValues" classname="NeonLadder.Tests.Editor.UI.SaveSystemCommandCenterTests" runstate="Runnable" seed="1895374548" result="Passed" start-time="2025-08-06 02:12:03Z" end-time="2025-08-06 02:12:03Z" duration="0.058093" asserts="0">
                  <properties>
                    <property name="retryIteration" value="0" />
                    <property name="repeatIteration" value="0" />
                  </properties>
                </test-case>
                <test-case id="1066" name="LoadSaveData_WithNullConfig_ShouldHandleGracefully" fullname="NeonLadder.Tests.Editor.UI.SaveSystemCommandCenterTests.LoadSaveData_WithNullConfig_ShouldHandleGracefully" methodname="LoadSaveData_WithNullConfig_ShouldHandleGracefully" classname="NeonLadder.Tests.Editor.UI.SaveSystemCommandCenterTests" runstate="Runnable" seed="340338424" result="Passed" start-time="2025-08-06 02:12:03Z" end-time="2025-08-06 02:12:04Z" duration="0.059194" asserts="0">
                  <properties>
                    <property name="retryIteration" value="0" />
                    <property name="repeatIteration" value="0" />
                  </properties>
                </test-case>
                <test-case id="1065" name="LoadSaveData_WithValidConfig_ShouldLoadDataSuccessfully" fullname="NeonLadder.Tests.Editor.UI.SaveSystemCommandCenterTests.LoadSaveData_WithValidConfig_ShouldLoadDataSuccessfully" methodname="LoadSaveData_WithValidConfig_ShouldLoadDataSuccessfully" classname="NeonLadder.Tests.Editor.UI.SaveSystemCommandCenterTests" runstate="Runnable" seed="2134448282" result="Passed" start-time="2025-08-06 02:12:04Z" end-time="2025-08-06 02:12:04Z" duration="0.062107" asserts="0">
                  <properties>
                    <property name="retryIteration" value="0" />
                    <property name="repeatIteration" value="0" />
                  </properties>
                  <output><![CDATA[✅ Save data loaded successfully
✅ Save data loaded successfully
]]></output>
                </test-case>
                <test-case id="1077" name="MemoryAllocation_DuringNormalOperation_ShouldNotLeak" fullname="NeonLadder.Tests.Editor.UI.SaveSystemCommandCenterTests.MemoryAllocation_DuringNormalOperation_ShouldNotLeak" methodname="MemoryAllocation_DuringNormalOperation_ShouldNotLeak" classname="NeonLadder.Tests.Editor.UI.SaveSystemCommandCenterTests" runstate="Runnable" seed="582561112" result="Passed" start-time="2025-08-06 02:12:04Z" end-time="2025-08-06 02:12:05Z" duration="1.156708" asserts="0">
                  <properties>
                    <property name="retryIteration" value="0" />
                    <property name="repeatIteration" value="0" />
                  </properties>
                  <output><![CDATA[✅ Save data loaded successfully
🔍 Running FRIDAY diagnostics...
✅ Save system configuration is valid
🦾 Diagnostics complete
]]></output>
                </test-case>
                <test-case id="1076" name="OnGUI_Performance_ShouldRenderUnder16ms" fullname="NeonLadder.Tests.Editor.UI.SaveSystemCommandCenterTests.OnGUI_Performance_ShouldRenderUnder16ms" methodname="OnGUI_Performance_ShouldRenderUnder16ms" classname="NeonLadder.Tests.Editor.UI.SaveSystemCommandCenterTests" runstate="Runnable" seed="810080632" result="Passed" start-time="2025-08-06 02:12:05Z" end-time="2025-08-06 02:12:05Z" duration="0.060436" asserts="0">
                  <properties>
                    <property name="retryIteration" value="0" />
                    <property name="repeatIteration" value="0" />
                  </properties>
                </test-case>
                <test-case id="1067" name="RefreshSaveData_ShouldReloadCurrentData" fullname="NeonLadder.Tests.Editor.UI.SaveSystemCommandCenterTests.RefreshSaveData_ShouldReloadCurrentData" methodname="RefreshSaveData_ShouldReloadCurrentData" classname="NeonLadder.Tests.Editor.UI.SaveSystemCommandCenterTests" runstate="Runnable" seed="501600694" result="Passed" start-time="2025-08-06 02:12:05Z" end-time="2025-08-06 02:12:05Z" duration="0.058021" asserts="0">
                  <properties>
                    <property name="retryIteration" value="0" />
                    <property name="repeatIteration" value="0" />
                  </properties>
                  <output><![CDATA[✅ Save data loaded successfully
✅ Save data loaded successfully
]]></output>
                </test-case>
                <test-case id="1075" name="RunDiagnostics_WithNullConfig_ShouldHandleGracefully" fullname="NeonLadder.Tests.Editor.UI.SaveSystemCommandCenterTests.RunDiagnostics_WithNullConfig_ShouldHandleGracefully" methodname="RunDiagnostics_WithNullConfig_ShouldHandleGracefully" classname="NeonLadder.Tests.Editor.UI.SaveSystemCommandCenterTests" runstate="Runnable" seed="1152562957" result="Passed" start-time="2025-08-06 02:12:05Z" end-time="2025-08-06 02:12:05Z" duration="0.057678" asserts="0">
                  <properties>
                    <property name="retryIteration" value="0" />
                    <property name="repeatIteration" value="0" />
                  </properties>
                  <output><![CDATA[🔍 Running FRIDAY diagnostics...
🦾 Diagnostics complete
]]></output>
                </test-case>
                <test-case id="1074" name="RunDiagnostics_WithValidConfig_ShouldExecuteWithoutErrors" fullname="NeonLadder.Tests.Editor.UI.SaveSystemCommandCenterTests.RunDiagnostics_WithValidConfig_ShouldExecuteWithoutErrors" methodname="RunDiagnostics_WithValidConfig_ShouldExecuteWithoutErrors" classname="NeonLadder.Tests.Editor.UI.SaveSystemCommandCenterTests" runstate="Runnable" seed="647752490" result="Passed" start-time="2025-08-06 02:12:05Z" end-time="2025-08-06 02:12:05Z" duration="0.058885" asserts="0">
                  <properties>
                    <property name="retryIteration" value="0" />
                    <property name="repeatIteration" value="0" />
                  </properties>
                  <output><![CDATA[🔍 Running FRIDAY diagnostics...
✅ Save system configuration is valid
🦾 Diagnostics complete
]]></output>
                </test-case>
                <test-case id="1061" name="TabIndex_WhenChanged_ShouldUpdateSelectedTabCorrectly" fullname="NeonLadder.Tests.Editor.UI.SaveSystemCommandCenterTests.TabIndex_WhenChanged_ShouldUpdateSelectedTabCorrectly" methodname="TabIndex_WhenChanged_ShouldUpdateSelectedTabCorrectly" classname="NeonLadder.Tests.Editor.UI.SaveSystemCommandCenterTests" runstate="Runnable" seed="1416964868" result="Passed" start-time="2025-08-06 02:12:05Z" end-time="2025-08-06 02:12:05Z" duration="0.059901" asserts="0">
                  <properties>
                    <property name="retryIteration" value="0" />
                    <property name="repeatIteration" value="0" />
                  </properties>
                </test-case>
                <test-case id="1062" name="TabNames_ShouldContainAllExpectedTabs" fullname="NeonLadder.Tests.Editor.UI.SaveSystemCommandCenterTests.TabNames_ShouldContainAllExpectedTabs" methodname="TabNames_ShouldContainAllExpectedTabs" classname="NeonLadder.Tests.Editor.UI.SaveSystemCommandCenterTests" runstate="Runnable" seed="1413338813" result="Passed" start-time="2025-08-06 02:12:05Z" end-time="2025-08-06 02:12:05Z" duration="0.057139" asserts="0">
                  <properties>
                    <property name="retryIteration" value="0" />
                    <property name="repeatIteration" value="0" />
                  </properties>
                </test-case>
                <test-case id="1079" name="TesterValidation_AllCriticalFunctionsWork_PassingTestsIndicateReadyForQA" fullname="NeonLadder.Tests.Editor.UI.SaveSystemCommandCenterTests.TesterValidation_AllCriticalFunctionsWork_PassingTestsIndicateReadyForQA" methodname="TesterValidation_AllCriticalFunctionsWork_PassingTestsIndicateReadyForQA" classname="NeonLadder.Tests.Editor.UI.SaveSystemCommandCenterTests" runstate="Runnable" seed="1047540670" result="Passed" start-time="2025-08-06 02:12:05Z" end-time="2025-08-06 02:12:05Z" duration="0.124367" asserts="0">
                  <properties>
                    <property name="retryIteration" value="0" />
                    <property name="repeatIteration" value="0" />
                  </properties>
                  <output><![CDATA[✅ Save data loaded successfully
✅ Save data loaded successfully
🔍 Running FRIDAY diagnostics...
✅ Save system configuration is valid
🦾 Diagnostics complete
]]></output>
                </test-case>
                <test-case id="1059" name="Window_WhenCreated_ShouldInitializeWithCorrectDefaults" fullname="NeonLadder.Tests.Editor.UI.SaveSystemCommandCenterTests.Window_WhenCreated_ShouldInitializeWithCorrectDefaults" methodname="Window_WhenCreated_ShouldInitializeWithCorrectDefaults" classname="NeonLadder.Tests.Editor.UI.SaveSystemCommandCenterTests" runstate="Runnable" seed="691445918" result="Passed" start-time="2025-08-06 02:12:05Z" end-time="2025-08-06 02:12:05Z" duration="0.090663" asserts="0">
                  <properties>
                    <property name="retryIteration" value="0" />
                    <property name="repeatIteration" value="0" />
                  </properties>
                </test-case>
                <test-case id="1060" name="Window_WhenOnEnableCalled_ShouldAttemptToLoadDefaultConfig" fullname="NeonLadder.Tests.Editor.UI.SaveSystemCommandCenterTests.Window_WhenOnEnableCalled_ShouldAttemptToLoadDefaultConfig" methodname="Window_WhenOnEnableCalled_ShouldAttemptToLoadDefaultConfig" classname="NeonLadder.Tests.Editor.UI.SaveSystemCommandCenterTests" runstate="Runnable" seed="298121605" result="Passed" start-time="2025-08-06 02:12:05Z" end-time="2025-08-06 02:12:05Z" duration="0.115260" asserts="0">
                  <properties>
                    <property name="retryIteration" value="0" />
                    <property name="repeatIteration" value="0" />
                  </properties>
                </test-case>
              </test-suite>
              <test-suite type="TestFixture" id="1080" name="SimpleCompilationTest" fullname="NeonLadder.Tests.Editor.UI.SimpleCompilationTest" classname="NeonLadder.Tests.Editor.UI.SimpleCompilationTest" runstate="Runnable" testcasecount="2" result="Passed" start-time="2025-08-06 02:12:05Z" end-time="2025-08-06 02:12:05Z" duration="0.016839" total="2" passed="2" failed="0" inconclusive="0" skipped="0" asserts="0">
                <properties />
                <test-case id="1081" name="SimpleTest_ShouldCompileAndRun" fullname="NeonLadder.Tests.Editor.UI.SimpleCompilationTest.SimpleTest_ShouldCompileAndRun" methodname="SimpleTest_ShouldCompileAndRun" classname="NeonLadder.Tests.Editor.UI.SimpleCompilationTest" runstate="Runnable" seed="385776449" result="Passed" start-time="2025-08-06 02:12:05Z" end-time="2025-08-06 02:12:05Z" duration="0.000191" asserts="0">
                  <properties>
                    <property name="retryIteration" value="0" />
                    <property name="repeatIteration" value="0" />
                  </properties>
                </test-case>
                <test-case id="1082" name="UnityEditor_ShouldBeAccessible" fullname="NeonLadder.Tests.Editor.UI.SimpleCompilationTest.UnityEditor_ShouldBeAccessible" methodname="UnityEditor_ShouldBeAccessible" classname="NeonLadder.Tests.Editor.UI.SimpleCompilationTest" runstate="Runnable" seed="309366175" result="Passed" start-time="2025-08-06 02:12:05Z" end-time="2025-08-06 02:12:05Z" duration="0.000115" asserts="0">
                  <properties>
                    <property name="retryIteration" value="0" />
                    <property name="repeatIteration" value="0" />
                  </properties>
                </test-case>
              </test-suite>
              <test-suite type="TestFixture" id="1083" name="UpgradeSystemEditorTests" fullname="NeonLadder.Tests.Editor.UI.UpgradeSystemEditorTests" classname="NeonLadder.Tests.Editor.UI.UpgradeSystemEditorTests" runstate="Runnable" testcasecount="11" result="Passed" start-time="2025-08-06 02:12:05Z" end-time="2025-08-06 02:12:08Z" duration="2.283106" total="11" passed="11" failed="0" inconclusive="0" skipped="0" asserts="0">
                <properties />
                <test-case id="1089" name="ExamplePurchasableItems_MenuIntegration_ShouldExist" fullname="NeonLadder.Tests.Editor.UI.UpgradeSystemEditorTests.ExamplePurchasableItems_MenuIntegration_ShouldExist" methodname="ExamplePurchasableItems_MenuIntegration_ShouldExist" classname="NeonLadder.Tests.Editor.UI.UpgradeSystemEditorTests" runstate="Runnable" seed="895886399" result="Passed" start-time="2025-08-06 02:12:05Z" end-time="2025-08-06 02:12:06Z" duration="0.240965" asserts="0">
                  <properties>
                    <property name="retryIteration" value="0" />
                    <property name="repeatIteration" value="0" />
                  </properties>
                </test-case>
                <test-case id="1086" name="MenuItem_UpgradeDesigner_ShouldExistInNeonLadderMenu" fullname="NeonLadder.Tests.Editor.UI.UpgradeSystemEditorTests.MenuItem_UpgradeDesigner_ShouldExistInNeonLadderMenu" methodname="MenuItem_UpgradeDesigner_ShouldExistInNeonLadderMenu" classname="NeonLadder.Tests.Editor.UI.UpgradeSystemEditorTests" runstate="Runnable" seed="1333662411" result="Passed" start-time="2025-08-06 02:12:06Z" end-time="2025-08-06 02:12:06Z" duration="0.057859" asserts="0">
                  <properties>
                    <property name="retryIteration" value="0" />
                    <property name="repeatIteration" value="0" />
                  </properties>
                </test-case>
                <test-case id="1090" name="PurchasableItem_Validation_ShouldAcceptValidData" fullname="NeonLadder.Tests.Editor.UI.UpgradeSystemEditorTests.PurchasableItem_Validation_ShouldAcceptValidData" methodname="PurchasableItem_Validation_ShouldAcceptValidData" classname="NeonLadder.Tests.Editor.UI.UpgradeSystemEditorTests" runstate="Runnable" seed="18441117" result="Passed" start-time="2025-08-06 02:12:06Z" end-time="2025-08-06 02:12:06Z" duration="0.056610" asserts="0">
                  <properties>
                    <property name="retryIteration" value="0" />
                    <property name="repeatIteration" value="0" />
                  </properties>
                </test-case>
                <test-case id="1085" name="ShowWindow_WhenCalled_ShouldCreateAndShowWindow" fullname="NeonLadder.Tests.Editor.UI.UpgradeSystemEditorTests.ShowWindow_WhenCalled_ShouldCreateAndShowWindow" methodname="ShowWindow_WhenCalled_ShouldCreateAndShowWindow" classname="NeonLadder.Tests.Editor.UI.UpgradeSystemEditorTests" runstate="Runnable" seed="1209113571" result="Passed" start-time="2025-08-06 02:12:06Z" end-time="2025-08-06 02:12:06Z" duration="0.057947" asserts="0">
                  <properties>
                    <property name="retryIteration" value="0" />
                    <property name="repeatIteration" value="0" />
                  </properties>
                </test-case>
                <test-case id="1094" name="TesterValidation_MenuSystem_IsAccessible" fullname="NeonLadder.Tests.Editor.UI.UpgradeSystemEditorTests.TesterValidation_MenuSystem_IsAccessible" methodname="TesterValidation_MenuSystem_IsAccessible" classname="NeonLadder.Tests.Editor.UI.UpgradeSystemEditorTests" runstate="Runnable" seed="1524901093" result="Passed" start-time="2025-08-06 02:12:06Z" end-time="2025-08-06 02:12:06Z" duration="0.235631" asserts="0">
                  <properties>
                    <property name="retryIteration" value="0" />
                    <property name="repeatIteration" value="0" />
                  </properties>
                </test-case>
                <test-case id="1093" name="TesterValidation_UpgradeDesigner_AllCriticalFunctionsWork" fullname="NeonLadder.Tests.Editor.UI.UpgradeSystemEditorTests.TesterValidation_UpgradeDesigner_AllCriticalFunctionsWork" methodname="TesterValidation_UpgradeDesigner_AllCriticalFunctionsWork" classname="NeonLadder.Tests.Editor.UI.UpgradeSystemEditorTests" runstate="Runnable" seed="1606442418" result="Passed" start-time="2025-08-06 02:12:06Z" end-time="2025-08-06 02:12:06Z" duration="0.093773" asserts="0">
                  <properties>
                    <property name="retryIteration" value="0" />
                    <property name="repeatIteration" value="0" />
                  </properties>
                </test-case>
                <test-case id="1092" name="UpgradeDesigner_MemoryUsage_ShouldNotLeak" fullname="NeonLadder.Tests.Editor.UI.UpgradeSystemEditorTests.UpgradeDesigner_MemoryUsage_ShouldNotLeak" methodname="UpgradeDesigner_MemoryUsage_ShouldNotLeak" classname="NeonLadder.Tests.Editor.UI.UpgradeSystemEditorTests" runstate="Runnable" seed="948087747" result="Passed" start-time="2025-08-06 02:12:06Z" end-time="2025-08-06 02:12:07Z" duration="1.192041" asserts="0">
                  <properties>
                    <property name="retryIteration" value="0" />
                    <property name="repeatIteration" value="0" />
                  </properties>
                </test-case>
                <test-case id="1088" name="UpgradeDesigner_OnGUI_ShouldRenderDesignerInterface" fullname="NeonLadder.Tests.Editor.UI.UpgradeSystemEditorTests.UpgradeDesigner_OnGUI_ShouldRenderDesignerInterface" methodname="UpgradeDesigner_OnGUI_ShouldRenderDesignerInterface" classname="NeonLadder.Tests.Editor.UI.UpgradeSystemEditorTests" runstate="Runnable" seed="1217070016" result="Passed" start-time="2025-08-06 02:12:07Z" end-time="2025-08-06 02:12:07Z" duration="0.086250" asserts="0">
                  <properties>
                    <property name="retryIteration" value="0" />
                    <property name="repeatIteration" value="0" />
                  </properties>
                </test-case>
                <test-case id="1091" name="UpgradeDesigner_Performance_ShouldRenderEfficiently" fullname="NeonLadder.Tests.Editor.UI.UpgradeSystemEditorTests.UpgradeDesigner_Performance_ShouldRenderEfficiently" methodname="UpgradeDesigner_Performance_ShouldRenderEfficiently" classname="NeonLadder.Tests.Editor.UI.UpgradeSystemEditorTests" runstate="Runnable" seed="1446787046" result="Passed" start-time="2025-08-06 02:12:07Z" end-time="2025-08-06 02:12:08Z" duration="0.084704" asserts="0">
                  <properties>
                    <property name="retryIteration" value="0" />
                    <property name="repeatIteration" value="0" />
                  </properties>
                </test-case>
                <test-case id="1087" name="UpgradeDesigner_WhenUpgradeSelected_ShouldDisplayProperties" fullname="NeonLadder.Tests.Editor.UI.UpgradeSystemEditorTests.UpgradeDesigner_WhenUpgradeSelected_ShouldDisplayProperties" methodname="UpgradeDesigner_WhenUpgradeSelected_ShouldDisplayProperties" classname="NeonLadder.Tests.Editor.UI.UpgradeSystemEditorTests" runstate="Runnable" seed="1392510335" result="Passed" start-time="2025-08-06 02:12:08Z" end-time="2025-08-06 02:12:08Z" duration="0.086341" asserts="0">
                  <properties>
                    <property name="retryIteration" value="0" />
                    <property name="repeatIteration" value="0" />
                  </properties>
                </test-case>
                <test-case id="1084" name="Window_WhenCreated_ShouldInitializeUpgradeDesigner" fullname="NeonLadder.Tests.Editor.UI.UpgradeSystemEditorTests.Window_WhenCreated_ShouldInitializeUpgradeDesigner" methodname="Window_WhenCreated_ShouldInitializeUpgradeDesigner" classname="NeonLadder.Tests.Editor.UI.UpgradeSystemEditorTests" runstate="Runnable" seed="467447481" result="Passed" start-time="2025-08-06 02:12:08Z" end-time="2025-08-06 02:12:08Z" duration="0.088261" asserts="0">
                  <properties>
                    <property name="retryIteration" value="0" />
                    <property name="repeatIteration" value="0" />
                  </properties>
                </test-case>
              </test-suite>
            </test-suite>
          </test-suite>
        </test-suite>
      </test-suite>
    </test-suite>
    <test-suite type="Assembly" id="1102" name="Unity.Addressables.Editor.Tests.DocExampleCode.dll" fullname="C:/Users/Ender/NeonLadder/Library/ScriptAssemblies/Unity.Addressables.Editor.Tests.DocExampleCode.dll" runstate="Runnable" testcasecount="1" result="Passed" start-time="2025-08-06 02:12:08Z" end-time="2025-08-06 02:12:08Z" duration="0.001785" total="1" passed="1" failed="0" inconclusive="0" skipped="0" asserts="0">
      <properties>
        <property name="_PID" value="179804" />
        <property name="_APPDOMAIN" value="Unity Child Domain" />
        <property name="platform" value="EditMode" />
        <property name="EditorOnly" value="True" />
      </properties>
      <test-suite type="TestSuite" id="1103" name="AddressableAssets" fullname="AddressableAssets" runstate="Runnable" testcasecount="1" result="Passed" start-time="2025-08-06 02:12:08Z" end-time="2025-08-06 02:12:08Z" duration="0.001024" total="1" passed="1" failed="0" inconclusive="0" skipped="0" asserts="0">
        <properties />
        <test-suite type="TestSuite" id="1104" name="DocExampleCode" fullname="AddressableAssets.DocExampleCode" runstate="Runnable" testcasecount="1" result="Passed" start-time="2025-08-06 02:12:08Z" end-time="2025-08-06 02:12:08Z" duration="0.000815" total="1" passed="1" failed="0" inconclusive="0" skipped="0" asserts="0">
          <properties />
          <test-suite type="TestFixture" id="1100" name="TestStub" fullname="AddressableAssets.DocExampleCode.TestStub" classname="AddressableAssets.DocExampleCode.TestStub" runstate="Runnable" testcasecount="1" result="Passed" start-time="2025-08-06 02:12:08Z" end-time="2025-08-06 02:12:08Z" duration="0.000624" total="1" passed="1" failed="0" inconclusive="0" skipped="0" asserts="0">
            <properties />
            <test-case id="1101" name="RequiredTest" fullname="AddressableAssets.DocExampleCode.TestStub.RequiredTest" methodname="RequiredTest" classname="AddressableAssets.DocExampleCode.TestStub" runstate="Runnable" seed="621721322" result="Passed" start-time="2025-08-06 02:12:08Z" end-time="2025-08-06 02:12:08Z" duration="0.000122" asserts="0">
              <properties>
                <property name="retryIteration" value="0" />
                <property name="repeatIteration" value="0" />
              </properties>
              <output><![CDATA[Saving results to: C:/Users/Ender/AppData/LocalLow/ShorelineGames, LLC/NeonLadder\TestResults.xml
]]></output>
            </test-case>
          </test-suite>
        </test-suite>
      </test-suite>
    </test-suite>
  </test-suite>
</test-run>